# JRE version: OpenJDK Runtime Environment (11.0.11+9) (build 11.0.11+9-b60-7590822)
# Java VM: OpenJDK 64-Bit Server VM (11.0.11+9-b60-7590822, mixed mode, tiered, compressed oops, g1 gc, windows-amd64)
Heap:
 garbage-first heap   total 262144K, used 189947K [0x0000000080000000, 0x0000000100000000)
  region size 1024K, 70 young (71680K), 9 survivors (9216K)
 Metaspace       used 150056K, capacity 155704K, committed 156492K, reserved 1185792K
  class space    used 18051K, capacity 20058K, committed 20300K, reserved 1048576K
GC Heap History (20 events):
Event: 3105.497 GC heap before
{Heap before GC invocations=220 (full 0):
 garbage-first heap   total 262144K, used 124599K [0x0000000080000000, 0x0000000100000000)
  region size 1024K, 12 young (12288K), 9 survivors (9216K)
 Metaspace       used 149849K, capacity 155525K, committed 155980K, reserved 1185792K
  class space    used 18089K, capacity 20137K, committed 20300K, reserved 1048576K
}
Event: 3105.504 GC heap after
{Heap after GC invocations=221 (full 0):
 garbage-first heap   total 262144K, used 111202K [0x0000000080000000, 0x0000000100000000)
  region size 1024K, 1 young (1024K), 1 survivors (1024K)
 Metaspace       used 149849K, capacity 155525K, committed 155980K, reserved 1185792K
  class space    used 18089K, capacity 20137K, committed 20300K, reserved 1048576K
}
Event: 3105.537 GC heap before
{Heap before GC invocations=221 (full 0):
 garbage-first heap   total 262144K, used 123490K [0x0000000080000000, 0x0000000100000000)
  region size 1024K, 14 young (14336K), 1 survivors (1024K)
 Metaspace       used 149851K, capacity 155525K, committed 155980K, reserved 1185792K
  class space    used 18089K, capacity 20137K, committed 20300K, reserved 1048576K
}
Event: 3105.540 GC heap after
{Heap after GC invocations=222 (full 0):
 garbage-first heap   total 262144K, used 111461K [0x0000000080000000, 0x0000000100000000)
  region size 1024K, 1 young (1024K), 1 survivors (1024K)
 Metaspace       used 149851K, capacity 155525K, committed 155980K, reserved 1185792K
  class space    used 18089K, capacity 20137K, committed 20300K, reserved 1048576K
}
Event: 3293.436 GC heap before
{Heap before GC invocations=223 (full 0):
 garbage-first heap   total 262144K, used 213861K [0x0000000080000000, 0x0000000100000000)
  region size 1024K, 91 young (93184K), 1 survivors (1024K)
 Metaspace       used 149891K, capacity 155594K, committed 155980K, reserved 1185792K
  class space    used 18091K, capacity 20137K, committed 20300K, reserved 1048576K
}
Event: 3293.438 GC heap after
{Heap after GC invocations=224 (full 0):
 garbage-first heap   total 262144K, used 112903K [0x0000000080000000, 0x0000000100000000)
  region size 1024K, 2 young (2048K), 2 survivors (2048K)
 Metaspace       used 149891K, capacity 155594K, committed 155980K, reserved 1185792K
  class space    used 18091K, capacity 20137K, committed 20300K, reserved 1048576K
}
Event: 3293.568 GC heap before
{Heap before GC invocations=224 (full 0):
 garbage-first heap   total 262144K, used 152839K [0x0000000080000000, 0x0000000100000000)
  region size 1024K, 42 young (43008K), 2 survivors (2048K)
 Metaspace       used 149920K, capacity 155594K, committed 155980K, reserved 1185792K
  class space    used 18091K, capacity 20137K, committed 20300K, reserved 1048576K
}
Event: 3293.577 GC heap after
{Heap after GC invocations=225 (full 0):
 garbage-first heap   total 262144K, used 117657K [0x0000000080000000, 0x0000000100000000)
  region size 1024K, 7 young (7168K), 7 survivors (7168K)
 Metaspace       used 149920K, capacity 155594K, committed 155980K, reserved 1185792K
  class space    used 18091K, capacity 20137K, committed 20300K, reserved 1048576K
}
Event: 3294.490 GC heap before
{Heap before GC invocations=226 (full 0):
 garbage-first heap   total 262144K, used 202649K [0x0000000080000000, 0x0000000100000000)
  region size 1024K, 82 young (83968K), 7 survivors (7168K)
 Metaspace       used 149793K, capacity 155374K, committed 155980K, reserved 1185792K
  class space    used 18051K, capacity 20058K, committed 20300K, reserved 1048576K
}
Event: 3294.495 GC heap after
{Heap after GC invocations=227 (full 0):
 garbage-first heap   total 262144K, used 121571K [0x0000000080000000, 0x0000000100000000)
  region size 1024K, 9 young (9216K), 9 survivors (9216K)
 Metaspace       used 149793K, capacity 155374K, committed 155980K, reserved 1185792K
  class space    used 18051K, capacity 20058K, committed 20300K, reserved 1048576K
}
Event: 3294.520 GC heap before
{Heap before GC invocations=227 (full 0):
 garbage-first heap   total 262144K, used 123619K [0x0000000080000000, 0x0000000100000000)
  region size 1024K, 12 young (12288K), 9 survivors (9216K)
 Metaspace       used 149793K, capacity 155374K, committed 155980K, reserved 1185792K
  class space    used 18051K, capacity 20058K, committed 20300K, reserved 1048576K
}
Event: 3294.528 GC heap after
{Heap after GC invocations=228 (full 0):
 garbage-first heap   total 262144K, used 118930K [0x0000000080000000, 0x0000000100000000)
  region size 1024K, 2 young (2048K), 2 survivors (2048K)
 Metaspace       used 149793K, capacity 155374K, committed 155980K, reserved 1185792K
  class space    used 18051K, capacity 20058K, committed 20300K, reserved 1048576K
}
Event: 3295.074 GC heap before
{Heap before GC invocations=228 (full 0):
 garbage-first heap   total 262144K, used 138386K [0x0000000080000000, 0x0000000100000000)
  region size 1024K, 23 young (23552K), 2 survivors (2048K)
 Metaspace       used 149800K, capacity 155374K, committed 155980K, reserved 1185792K
  class space    used 18051K, capacity 20058K, committed 20300K, reserved 1048576K
}
Event: 3295.080 GC heap after
{Heap after GC invocations=229 (full 0):
 garbage-first heap   total 262144K, used 119588K [0x0000000080000000, 0x0000000100000000)
  region size 1024K, 3 young (3072K), 3 survivors (3072K)
 Metaspace       used 149800K, capacity 155374K, committed 155980K, reserved 1185792K
  class space    used 18051K, capacity 20058K, committed 20300K, reserved 1048576K
}
Event: 3300.448 GC heap before
{Heap before GC invocations=230 (full 0):
 garbage-first heap   total 262144K, used 212772K [0x0000000080000000, 0x0000000100000000)
  region size 1024K, 83 young (84992K), 3 survivors (3072K)
 Metaspace       used 149864K, capacity 155503K, committed 156236K, reserved 1185792K
  class space    used 18051K, capacity 20058K, committed 20300K, reserved 1048576K
}
Event: 3300.450 GC heap after
{Heap after GC invocations=231 (full 0):
 garbage-first heap   total 262144K, used 121586K [0x0000000080000000, 0x0000000100000000)
  region size 1024K, 3 young (3072K), 3 survivors (3072K)
 Metaspace       used 149864K, capacity 155503K, committed 156236K, reserved 1185792K
  class space    used 18051K, capacity 20058K, committed 20300K, reserved 1048576K
}
Event: 3300.481 GC heap before
{Heap before GC invocations=231 (full 0):
 garbage-first heap   total 262144K, used 129778K [0x0000000080000000, 0x0000000100000000)
  region size 1024K, 12 young (12288K), 3 survivors (3072K)
 Metaspace       used 149868K, capacity 155504K, committed 156236K, reserved 1185792K
  class space    used 18051K, capacity 20058K, committed 20300K, reserved 1048576K
}
Event: 3300.485 GC heap after
{Heap after GC invocations=232 (full 0):
 garbage-first heap   total 262144K, used 113147K [0x0000000080000000, 0x0000000100000000)
  region size 1024K, 2 young (2048K), 2 survivors (2048K)
 Metaspace       used 149868K, capacity 155504K, committed 156236K, reserved 1185792K
  class space    used 18051K, capacity 20058K, committed 20300K, reserved 1048576K
}
Event: 3463.572 GC heap before
{Heap before GC invocations=232 (full 0):
 garbage-first heap   total 262144K, used 203259K [0x0000000080000000, 0x0000000100000000)
  region size 1024K, 91 young (93184K), 2 survivors (2048K)
 Metaspace       used 149914K, capacity 155508K, committed 156236K, reserved 1185792K
  class space    used 18051K, capacity 20058K, committed 20300K, reserved 1048576K
}
Event: 3463.582 GC heap after
{Heap after GC invocations=233 (full 0):
 garbage-first heap   total 262144K, used 120315K [0x0000000080000000, 0x0000000100000000)
  region size 1024K, 9 young (9216K), 9 survivors (9216K)
 Metaspace       used 149914K, capacity 155508K, committed 156236K, reserved 1185792K
  class space    used 18051K, capacity 20058K, committed 20300K, reserved 1048576K
}

